2025-08-30 15:56:38,891 - INFO - Database initialized
2025-08-30 15:56:38,891 - INFO - Starting data collection for com.supercell.clashofclans
2025-08-30 15:56:38,891 - INFO - Collecting app data for com.supercell.clashofclans
2025-08-30 15:56:47,382 - INFO - Successfully collected app data for com.supercell.clashofclans
2025-08-30 15:56:47,388 - INFO - Collecting 100 reviews for com.supercell.clashofclans
2025-08-30 15:56:49,385 - INFO - Successfully collected 100 reviews for com.supercell.clashofclans
2025-08-30 15:57:09,012 - INFO - Found 50 snapshots for https://play.google.com/store/apps/details?id=com.supercell.clashofclans
2025-08-30 15:57:09,026 - INFO - Data exported to exports
2025-08-30 16:09:27,042 - INFO - Database initialized
2025-08-30 16:09:27,042 - INFO - Starting data collection for com.supercell.clashofclans
2025-08-30 16:09:27,042 - INFO - Collecting app data for com.supercell.clashofclans
2025-08-30 16:09:31,812 - INFO - Successfully collected app data for com.supercell.clashofclans
2025-08-30 16:09:31,812 - INFO - Collecting 100 reviews for com.supercell.clashofclans
2025-08-30 16:09:33,806 - INFO - Successfully collected 100 reviews for com.supercell.clashofclans
2025-08-30 16:09:35,926 - INFO - Found 50 snapshots for https://play.google.com/store/apps/details?id=com.supercell.clashofclans
2025-08-30 16:09:35,939 - INFO - Data exported to exports
2025-08-30 16:10:26,912 - INFO - Database initialized
2025-08-30 16:10:26,912 - INFO - Starting data collection for com.supercell.clashofclans
2025-08-30 16:10:26,912 - INFO - Collecting app data for com.supercell.clashofclans
2025-08-30 16:10:30,328 - INFO - Successfully collected app data for com.supercell.clashofclans
2025-08-30 16:10:30,328 - INFO - Collecting 100 reviews for com.supercell.clashofclans
2025-08-30 16:10:32,223 - INFO - Successfully collected 100 reviews for com.supercell.clashofclans
2025-08-30 16:10:39,019 - INFO - Found 50 snapshots for https://play.google.com/store/apps/details?id=com.supercell.clashofclans
2025-08-30 16:10:39,019 - INFO - Collecting app data for com.supercell.clashofclans
2025-08-30 16:10:42,606 - INFO - Successfully collected app data for com.supercell.clashofclans
2025-08-30 16:10:42,606 - INFO - Collecting app data for com.supercell.clashofclans
2025-08-30 16:10:46,816 - INFO - Successfully collected app data for com.supercell.clashofclans
2025-08-30 16:10:46,816 - INFO - Collecting app data for com.supercell.clashofclans
2025-08-30 16:10:50,262 - INFO - Successfully collected app data for com.supercell.clashofclans
2025-08-30 16:10:50,273 - INFO - Collecting app data for com.supercell.clashofclans
2025-08-30 16:10:53,684 - INFO - Successfully collected app data for com.supercell.clashofclans
2025-08-30 16:10:53,684 - INFO - Collecting app data for com.supercell.clashofclans
2025-08-30 16:10:57,538 - INFO - Successfully collected app data for com.supercell.clashofclans
2025-08-30 16:10:57,544 - INFO - Data exported to exports
2025-08-30 17:36:56,945 - INFO - Database initialized
2025-08-30 17:36:56,945 - INFO - Starting data collection for com.supercell.clashofclans
2025-08-30 17:36:56,960 - INFO - Collecting app data for com.supercell.clashofclans
2025-08-30 17:37:02,337 - INFO - Successfully collected app data for com.supercell.clashofclans
2025-08-30 17:37:02,339 - INFO - Collecting 100 reviews for com.supercell.clashofclans
2025-08-30 17:37:04,484 - INFO - Successfully collected 100 reviews for com.supercell.clashofclans
2025-08-30 17:37:05,674 - INFO - Found 50 snapshots for https://play.google.com/store/apps/details?id=com.supercell.clashofclans
2025-08-30 17:37:05,674 - ERROR - Error in main execution: 'PlayStoreCollector' object has no attribute 'parse_snapshot'
2025-08-30 17:38:40,683 - INFO - Database initialized
2025-08-30 17:38:40,683 - INFO - Starting data collection for com.supercell.clashofclans
2025-08-30 17:38:40,683 - INFO - Collecting app data for com.supercell.clashofclans
2025-08-30 17:38:44,479 - INFO - Successfully collected app data for com.supercell.clashofclans
2025-08-30 17:38:44,481 - INFO - Collecting 100 reviews for com.supercell.clashofclans
2025-08-30 17:38:46,386 - INFO - Successfully collected 100 reviews for com.supercell.clashofclans
2025-08-30 17:38:48,106 - INFO - Found 50 snapshots for https://play.google.com/store/apps/details?id=com.supercell.clashofclans
2025-08-30 17:38:48,106 - INFO - Rate limiting: sleeping for 2.28 seconds
2025-08-30 17:38:52,982 - INFO - Rate limiting: sleeping for 1.41 seconds
2025-08-30 17:38:57,093 - INFO - Rate limiting: sleeping for 1.31 seconds
2025-08-30 17:39:00,939 - INFO - Rate limiting: sleeping for 1.46 seconds
2025-08-30 17:39:05,392 - INFO - Rate limiting: sleeping for 1.01 seconds
2025-08-30 17:39:11,800 - INFO - Data exported to exports
2025-08-30 17:52:05,499 - INFO - Database initialized
2025-08-30 17:52:05,499 - INFO - Starting data collection for com.supercell.clashofclans
2025-08-30 17:52:05,499 - INFO - Collecting app data for com.supercell.clashofclans
2025-08-30 17:52:09,004 - INFO - Successfully collected app data for com.supercell.clashofclans
2025-08-30 17:52:09,004 - INFO - Collecting 100 reviews for com.supercell.clashofclans
2025-08-30 17:52:11,095 - INFO - Successfully collected 100 reviews for com.supercell.clashofclans
2025-08-30 17:52:12,081 - INFO - Found 50 snapshots for https://play.google.com/store/apps/details?id=com.supercell.clashofclans
2025-08-30 17:52:12,081 - INFO - Rate limiting: sleeping for 3.01 seconds
2025-08-30 17:52:17,198 - ERROR - Failed to parse snapshot http://web.archive.org/web/20200119063613/https://play.google.com/store/apps/details?id=com.supercell.clashofclans: 'NoneType' object has no attribute 'text'
2025-08-30 17:52:17,200 - INFO - Rate limiting: sleeping for 1.90 seconds
2025-08-30 17:52:21,910 - ERROR - Failed to parse snapshot http://web.archive.org/web/20200122195902/https://play.google.com/store/apps/details?id=com.supercell.clashofclans: 'NoneType' object has no attribute 'text'
2025-08-30 17:52:21,910 - INFO - Rate limiting: sleeping for 1.19 seconds
2025-08-30 17:52:25,358 - ERROR - Failed to parse snapshot http://web.archive.org/web/20200220201035/https://play.google.com/store/apps/details?id=com.supercell.clashofclans: 'NoneType' object has no attribute 'text'
2025-08-30 17:52:25,358 - INFO - Rate limiting: sleeping for 1.74 seconds
2025-08-30 17:52:28,877 - ERROR - Failed to parse snapshot http://web.archive.org/web/20200309182555/https://play.google.com/store/apps/details?id=com.supercell.clashofclans: 'NoneType' object has no attribute 'text'
2025-08-30 17:52:28,877 - INFO - Rate limiting: sleeping for 2.23 seconds
2025-08-30 17:52:33,970 - ERROR - Failed to parse snapshot http://web.archive.org/web/20200525153349/https://play.google.com/store/apps/details?id=com.supercell.clashofclans: 'NoneType' object has no attribute 'text'
2025-08-30 17:52:33,998 - INFO - Data exported to exports
2025-08-30 17:53:58,632 - INFO - Database initialized
2025-08-30 17:53:58,632 - INFO - Starting data collection for com.supercell.clashofclans
2025-08-30 17:53:58,632 - INFO - Collecting app data for com.supercell.clashofclans
2025-08-30 17:54:02,174 - INFO - Successfully collected app data for com.supercell.clashofclans
2025-08-30 17:54:02,174 - INFO - Collecting 100 reviews for com.supercell.clashofclans
2025-08-30 17:54:04,213 - INFO - Successfully collected 100 reviews for com.supercell.clashofclans
2025-08-30 17:54:05,115 - INFO - Found 50 snapshots for https://play.google.com/store/apps/details?id=com.supercell.clashofclans
2025-08-30 17:54:05,115 - INFO - Rate limiting: sleeping for 3.10 seconds
2025-08-30 17:54:14,527 - ERROR - Failed to parse snapshot http://web.archive.org/web/20200119063613/https://play.google.com/store/apps/details?id=com.supercell.clashofclans: 'NoneType' object has no attribute 'text'
2025-08-30 17:54:19,800 - ERROR - Failed to parse snapshot http://web.archive.org/web/20200122195902/https://play.google.com/store/apps/details?id=com.supercell.clashofclans: 'NoneType' object has no attribute 'text'
2025-08-30 17:54:23,819 - ERROR - Failed to parse snapshot http://web.archive.org/web/20200220201035/https://play.google.com/store/apps/details?id=com.supercell.clashofclans: 'NoneType' object has no attribute 'text'
2025-08-30 17:54:26,483 - ERROR - Failed to parse snapshot http://web.archive.org/web/20200309182555/https://play.google.com/store/apps/details?id=com.supercell.clashofclans: 'NoneType' object has no attribute 'text'
2025-08-30 17:54:26,484 - INFO - Rate limiting: sleeping for 1.34 seconds
2025-08-30 17:54:29,903 - ERROR - Failed to parse snapshot http://web.archive.org/web/20200525153349/https://play.google.com/store/apps/details?id=com.supercell.clashofclans: 'NoneType' object has no attribute 'text'
2025-08-30 17:54:29,935 - INFO - Data exported to exports
